<?xml version="1.0" encoding="UTF-8"?>
<testsuite xmlns:xsi="http://www.w3.org/2001/XMLSchema-instance" xsi:noNamespaceSchemaLocation="https://maven.apache.org/surefire/maven-surefire-plugin/xsd/surefire-test-report.xsd" name="TestSuite" time="13.795" tests="2" errors="0" skipped="0" failures="2">
  <properties>
    <property name="java.runtime.name" value="Java(TM) SE Runtime Environment"/>
    <property name="sun.boot.library.path" value="C:\Program Files\Java\jdk1.8.0_311\jre\bin"/>
    <property name="java.vm.version" value="25.311-b11"/>
    <property name="java.vm.vendor" value="Oracle Corporation"/>
    <property name="maven.multiModuleProjectDirectory" value="C:\Users\testinium\IdeaProjects\NesineComUITestProject"/>
    <property name="java.vendor.url" value="http://java.oracle.com/"/>
    <property name="path.separator" value=";"/>
    <property name="guice.disable.misplaced.annotation.check" value="true"/>
    <property name="java.vm.name" value="Java HotSpot(TM) 64-Bit Server VM"/>
    <property name="file.encoding.pkg" value="sun.io"/>
    <property name="user.script" value=""/>
    <property name="user.country" value="US"/>
    <property name="sun.java.launcher" value="SUN_STANDARD"/>
    <property name="sun.os.patch.level" value=""/>
    <property name="java.vm.specification.name" value="Java Virtual Machine Specification"/>
    <property name="user.dir" value="C:\Users\testinium\IdeaProjects\NesineComUITestProject"/>
    <property name="java.runtime.version" value="1.8.0_311-b11"/>
    <property name="java.awt.graphicsenv" value="sun.awt.Win32GraphicsEnvironment"/>
    <property name="java.endorsed.dirs" value="C:\Program Files\Java\jdk1.8.0_311\jre\lib\endorsed"/>
    <property name="os.arch" value="amd64"/>
    <property name="java.io.tmpdir" value="C:\Users\TESTIN~1\AppData\Local\Temp\"/>
    <property name="line.separator" value="&#10;"/>
    <property name="java.vm.specification.vendor" value="Oracle Corporation"/>
    <property name="user.variant" value=""/>
    <property name="os.name" value="Windows 10"/>
    <property name="classworlds.conf" value="C:\Program Files\maven\apache-maven-3.8.1\bin\..\bin\m2.conf"/>
    <property name="sun.jnu.encoding" value="Cp1254"/>
    <property name="java.library.path" value="C:\Program Files\Java\jdk1.8.0_311\bin;C:\WINDOWS\Sun\Java\bin;C:\WINDOWS\system32;C:\WINDOWS;C:\Program Files (x86)\Common Files\Oracle\Java\javapath;C:\Python39\Scripts\;C:\Python39\;C:\Windows\system32;C:\Windows;C:\Windows\System32\Wbem;C:\Windows\System32\WindowsPowerShell\v1.0\;C:\Windows\System32\OpenSSH\;C:\Program Files\nodejs\;C:\ProgramData\chocolatey\bin;C:\Program Files\Java\jdk1.8.0_311\bin;C:\Program Files\Gauge\bin;C:\WINDOWS\system32;C:\WINDOWS;C:\WINDOWS\System32\Wbem;C:\WINDOWS\System32\WindowsPowerShell\v1.0\;C:\WINDOWS\System32\OpenSSH\;C:\Users\testinium\AppData\Local\Android\Sdk;C:\Users\testinium\AppData\Local\Android\Sdk\build-tools;C:\Users\testinium\AppData\Local\Android\Sdk\platform-tools;C:\Users\testinium\AppData\Local\Android\Sdk\tools;C:\Program Files\maven\apache-maven-3.8.1\bin;C:\Program Files\Git\cmd;C:\galen-bin-2.4.4\galen.bat;;C:\Program Files\Docker\Docker\resources\bin;C:\ProgramData\DockerDesktop\version-bin;C:\Users\testinium\scoop\shims;C:\Users\testinium\AppData\Local\Microsoft\WindowsApps;C:\Users\testinium\AppData\Roaming\npm;C:\Program Files\JetBrains\IntelliJ IDEA Community Edition 2021.1.1\bin;C:\Users\testinium\AppData\Local\GitHubDesktop\bin;C:\ProgramData\testinium\GitHubDesktop\bin;C:\src\flutter\bin;C:\Program Files\JetBrains\PyCharm 2022.1.1\bin;;C:\Program Files\JetBrains\PyCharm Community Edition 2022.1.1\bin;;;C:\Users\testinium\AppData\Local\Programs\Microsoft VS Code\bin;."/>
    <property name="maven.conf" value="C:\Program Files\maven\apache-maven-3.8.1\bin\../conf"/>
    <property name="java.specification.name" value="Java Platform API Specification"/>
    <property name="java.class.version" value="52.0"/>
    <property name="sun.management.compiler" value="HotSpot 64-Bit Tiered Compilers"/>
    <property name="os.version" value="10.0"/>
    <property name="library.jansi.path" value="C:\Program Files\maven\apache-maven-3.8.1\bin\..\lib\jansi-native"/>
    <property name="user.home" value="C:\Users\testinium"/>
    <property name="user.timezone" value="Asia/Istanbul"/>
    <property name="java.awt.printerjob" value="sun.awt.windows.WPrinterJob"/>
    <property name="java.specification.version" value="1.8"/>
    <property name="file.encoding" value="Cp1254"/>
    <property name="user.name" value="testinium"/>
    <property name="java.class.path" value="C:\Program Files\maven\apache-maven-3.8.1\bin\..\boot\plexus-classworlds-2.6.0.jar"/>
    <property name="java.vm.specification.version" value="1.8"/>
    <property name="sun.arch.data.model" value="64"/>
    <property name="java.home" value="C:\Program Files\Java\jdk1.8.0_311\jre"/>
    <property name="sun.java.command" value="org.codehaus.plexus.classworlds.launcher.Launcher test"/>
    <property name="java.specification.vendor" value="Oracle Corporation"/>
    <property name="user.language" value="en"/>
    <property name="awt.toolkit" value="sun.awt.windows.WToolkit"/>
    <property name="java.vm.info" value="mixed mode"/>
    <property name="java.version" value="1.8.0_311"/>
    <property name="java.ext.dirs" value="C:\Program Files\Java\jdk1.8.0_311\jre\lib\ext;C:\WINDOWS\Sun\Java\lib\ext"/>
    <property name="sun.boot.class.path" value="C:\Program Files\Java\jdk1.8.0_311\jre\lib\resources.jar;C:\Program Files\Java\jdk1.8.0_311\jre\lib\rt.jar;C:\Program Files\Java\jdk1.8.0_311\jre\lib\sunrsasign.jar;C:\Program Files\Java\jdk1.8.0_311\jre\lib\jsse.jar;C:\Program Files\Java\jdk1.8.0_311\jre\lib\jce.jar;C:\Program Files\Java\jdk1.8.0_311\jre\lib\charsets.jar;C:\Program Files\Java\jdk1.8.0_311\jre\lib\jfr.jar;C:\Program Files\Java\jdk1.8.0_311\jre\classes"/>
    <property name="sun.stderr.encoding" value="cp857"/>
    <property name="java.vendor" value="Oracle Corporation"/>
    <property name="maven.home" value="C:\Program Files\maven\apache-maven-3.8.1\bin\.."/>
    <property name="file.separator" value="\"/>
    <property name="java.vendor.url.bug" value="http://bugreport.sun.com/bugreport/"/>
    <property name="sun.cpu.endian" value="little"/>
    <property name="sun.io.unicode.encoding" value="UnicodeLittle"/>
    <property name="sun.stdout.encoding" value="cp857"/>
    <property name="sun.desktop" value="windows"/>
    <property name="sun.cpu.isalist" value="amd64"/>
  </properties>
  <testcase name="runScenario" classname="testRunner.TestRunner" time="12.686">
    <failure message="Layout test failed" type="java.lang.AssertionError">java.lang.AssertionError: Layout test failed
</failure>
    <system-out><![CDATA[(1360, 998)
2022-10-10 14:34:38 INFO  Log:23 - The case named 'Go to NesineCom homepage' in 'Chrome Layout Testing for Login Button NesineCom' scenario became PASSED
0 [TestNG-PoolService-0] INFO helpers.Log  - The case named 'Go to NesineCom homepage' in 'Chrome Layout Testing for Login Button NesineCom' scenario became PASSED
(1360, 973)
2022-10-10 14:34:40 INFO  Log:23 - The case named 'Go to NesineCom homepage' in 'Firefox Layout Testing for Login Button NesineCom' scenario became PASSED
2425 [TestNG-PoolService-1] INFO helpers.Log  - The case named 'Go to NesineCom homepage' in 'Firefox Layout Testing for Login Button NesineCom' scenario became PASSED
2425 [TestNG-PoolService-1] INFO helpers.Log  - The case named 'Go to NesineCom homepage' in 'Firefox Layout Testing for Login Button NesineCom' scenario became PASSED
2022-10-10 14:34:41 INFO  Log:23 - The case named 'Go to NesineCom homepage' in 'Chrome Layout Testing for Login Button NesineCom' scenario became PASSED
3463 [TestNG-PoolService-0] INFO helpers.Log  - The case named 'Go to NesineCom homepage' in 'Chrome Layout Testing for Login Button NesineCom' scenario became PASSED
3463 [TestNG-PoolService-0] INFO helpers.Log  - The case named 'Go to NesineCom homepage' in 'Chrome Layout Testing for Login Button NesineCom' scenario became PASSED
3463 [TestNG-PoolService-0] INFO helpers.Log  - The case named 'Go to NesineCom homepage' in 'Chrome Layout Testing for Login Button NesineCom' scenario became PASSED
2022-10-10 14:34:44 INFO  Log:23 - The case named 'Go to NesineCom homepage' in 'Firefox Layout Testing for Login Button NesineCom' scenario became PASSED
5959 [TestNG-PoolService-1] INFO helpers.Log  - The case named 'Go to NesineCom homepage' in 'Firefox Layout Testing for Login Button NesineCom' scenario became PASSED
5959 [TestNG-PoolService-1] INFO helpers.Log  - The case named 'Go to NesineCom homepage' in 'Firefox Layout Testing for Login Button NesineCom' scenario became PASSED
5959 [TestNG-PoolService-1] INFO helpers.Log  - The case named 'Go to NesineCom homepage' in 'Firefox Layout Testing for Login Button NesineCom' scenario became PASSED
5959 [TestNG-PoolService-1] INFO helpers.Log  - The case named 'Go to NesineCom homepage' in 'Firefox Layout Testing for Login Button NesineCom' scenario became PASSED
2022-10-10 14:34:46 ERROR Log:33 - The case named 'Go to NesineCom homepage' in 'Chrome Layout Testing for Login Button NesineCom' scenario became FAILED on''
Error Details:
java.lang.AssertionError: Layout test failed
7718 [TestNG-PoolService-0] ERROR helpers.Log  - The case named 'Go to NesineCom homepage' in 'Chrome Layout Testing for Login Button NesineCom' scenario became FAILED on''
Error Details:
java.lang.AssertionError: Layout test failed
7718 [TestNG-PoolService-0] ERROR helpers.Log  - The case named 'Go to NesineCom homepage' in 'Chrome Layout Testing for Login Button NesineCom' scenario became FAILED on''
Error Details:
java.lang.AssertionError: Layout test failed
7718 [TestNG-PoolService-0] ERROR helpers.Log  - The case named 'Go to NesineCom homepage' in 'Chrome Layout Testing for Login Button NesineCom' scenario became FAILED on''
Error Details:
java.lang.AssertionError: Layout test failed
7718 [TestNG-PoolService-0] ERROR helpers.Log  - The case named 'Go to NesineCom homepage' in 'Chrome Layout Testing for Login Button NesineCom' scenario became FAILED on''
Error Details:
java.lang.AssertionError: Layout test failed
7718 [TestNG-PoolService-0] ERROR helpers.Log  - The case named 'Go to NesineCom homepage' in 'Chrome Layout Testing for Login Button NesineCom' scenario became FAILED on''
Error Details:
java.lang.AssertionError: Layout test failed
2022-10-10 14:34:46 ERROR Log:33 - The case named 'Go to NesineCom homepage' in 'Firefox Layout Testing for Login Button NesineCom' scenario became FAILED on''
Error Details:
java.lang.AssertionError: Layout test failed
8144 [TestNG-PoolService-1] ERROR helpers.Log  - The case named 'Go to NesineCom homepage' in 'Firefox Layout Testing for Login Button NesineCom' scenario became FAILED on''
Error Details:
java.lang.AssertionError: Layout test failed
8144 [TestNG-PoolService-1] ERROR helpers.Log  - The case named 'Go to NesineCom homepage' in 'Firefox Layout Testing for Login Button NesineCom' scenario became FAILED on''
Error Details:
java.lang.AssertionError: Layout test failed
8144 [TestNG-PoolService-1] ERROR helpers.Log  - The case named 'Go to NesineCom homepage' in 'Firefox Layout Testing for Login Button NesineCom' scenario became FAILED on''
Error Details:
java.lang.AssertionError: Layout test failed
8144 [TestNG-PoolService-1] ERROR helpers.Log  - The case named 'Go to NesineCom homepage' in 'Firefox Layout Testing for Login Button NesineCom' scenario became FAILED on''
Error Details:
java.lang.AssertionError: Layout test failed
8144 [TestNG-PoolService-1] ERROR helpers.Log  - The case named 'Go to NesineCom homepage' in 'Firefox Layout Testing for Login Button NesineCom' scenario became FAILED on''
Error Details:
java.lang.AssertionError: Layout test failed
8144 [TestNG-PoolService-1] ERROR helpers.Log  - The case named 'Go to NesineCom homepage' in 'Firefox Layout Testing for Login Button NesineCom' scenario became FAILED on''
Error Details:
java.lang.AssertionError: Layout test failed
]]></system-out>
    <system-err><![CDATA[Oct 10, 2022 2:34:38 PM org.openqa.selenium.remote.ProtocolHandshake createSession
INFO: Detected dialect: W3C
Oct 10, 2022 2:34:40 PM org.openqa.selenium.remote.ProtocolHandshake createSession
INFO: Detected dialect: W3C
]]></system-err>
  </testcase>
  <testcase name="runScenario" classname="testRunner.TestRunner" time="12.686">
    <failure message="Layout test failed" type="java.lang.AssertionError">java.lang.AssertionError: Layout test failed
</failure>
  </testcase>
</testsuite>