<?xml version="1.0" encoding="UTF-8"?>
<!-- Generated by org.testng.reporters.JUnitReportReporter -->
<testsuite skipped="0" hostname="DESKTOP-GEEQ38M" name="testRunner.TestRunner" tests="2" failures="2" timestamp="2022-10-10T14:34:46 EET" time="25.340" errors="0">
  <testcase name="runScenario" time="12.670" classname="testRunner.TestRunner">
    <failure type="java.lang.AssertionError" message="Layout test failed">
      <![CDATA[java.lang.AssertionError: Layout test failed
at org.testng.Assert.fail(Assert.java:99)
at helpers.GalenFramework.checkLayout(GalenFramework.java:27)
at stepDefinition.NesineComSteps.checkLayoutLoginButton(NesineComSteps.java:135)
at ✽.Check Layout Login Button(file:///C:/Users/testinium/IdeaProjects/NesineComUITestProject/src/main/java/features/nesineComFeatures/NesineComLayoutTest.feature:11)
]]>
    </failure>
  </testcase> <!-- runScenario -->
  <system-out/>
  <testcase name="runScenario" time="12.670" classname="testRunner.TestRunner">
    <failure type="java.lang.AssertionError" message="Layout test failed">
      <![CDATA[java.lang.AssertionError: Layout test failed
at org.testng.Assert.fail(Assert.java:99)
at helpers.GalenFramework.checkLayout(GalenFramework.java:27)
at stepDefinition.NesineComSteps.checkLayoutLoginButton(NesineComSteps.java:135)
at ✽.Check Layout Login Button(file:///C:/Users/testinium/IdeaProjects/NesineComUITestProject/src/main/java/features/nesineComFeatures/NesineComLayoutTest.feature:6)
]]>
    </failure>
  </testcase> <!-- runScenario -->
  <system-out/>
</testsuite> <!-- testRunner.TestRunner -->
