<?xml version="1.0" encoding="UTF-8"?>
<!-- Generated by org.testng.reporters.JUnitXMLReporter -->
<testsuite hostname="DESKTOP-GEEQ38M" ignored="0" name="C:/Users/testinium/IdeaProjects/NesineComUITestProject" tests="1" failures="1" timestamp="2022-10-06T04:17:08 EET" time="9.34" errors="0">
  <testcase name="runScenario" time="8.866" classname="io.cucumber.testng.AbstractTestNGCucumberTests">
    <failure type="java.lang.AssertionError" message="null">
      <![CDATA[java.lang.AssertionError: null
at org.testng.Assert.fail(Assert.java:99)
at org.testng.Assert.fail(Assert.java:106)
at stepDefinition.NesineComSteps.setPrint(NesineComSteps.java:49)
at âœ½.Set Print(file:///C:/Users/testinium/IdeaProjects/NesineComUITestProject/src/main/java/features/nesineComFeatures/NesineComTest.feature:5)
]]>
    </failure>
  </testcase> <!-- runScenario -->
</testsuite> <!-- C:/Users/testinium/IdeaProjects/NesineComUITestProject -->
