<?xml version="1.0" encoding="UTF-8"?>
<!-- Generated by org.testng.reporters.JUnitXMLReporter -->
<testsuite hostname="DESKTOP-GEEQ38M" ignored="0" name="NesineComUITestProject" tests="2" failures="2" timestamp="2022-10-10T14:34:46 EET" time="13.153" errors="0">
  <testcase name="runScenario" time="12.67" classname="io.cucumber.testng.AbstractTestNGCucumberTests">
    <failure type="java.lang.AssertionError" message="Layout test failed">
      <![CDATA[java.lang.AssertionError: Layout test failed
at helpers.GalenFramework.checkLayout(GalenFramework.java:27)
at stepDefinition.NesineComSteps.checkLayoutLoginButton(NesineComSteps.java:135)
at ✽.Check Layout Login Button(file:///C:/Users/testinium/IdeaProjects/NesineComUITestProject/src/main/java/features/nesineComFeatures/NesineComLayoutTest.feature:11)
... Removed 1 stack frames]]>
    </failure>
  </testcase> <!-- runScenario -->
  <testcase name="runScenario" time="12.67" classname="io.cucumber.testng.AbstractTestNGCucumberTests">
    <failure type="java.lang.AssertionError" message="Layout test failed">
      <![CDATA[java.lang.AssertionError: Layout test failed
at helpers.GalenFramework.checkLayout(GalenFramework.java:27)
at stepDefinition.NesineComSteps.checkLayoutLoginButton(NesineComSteps.java:135)
at ✽.Check Layout Login Button(file:///C:/Users/testinium/IdeaProjects/NesineComUITestProject/src/main/java/features/nesineComFeatures/NesineComLayoutTest.feature:6)
... Removed 1 stack frames]]>
    </failure>
  </testcase> <!-- runScenario -->
</testsuite> <!-- NesineComUITestProject -->
